<?xml version="1.0" encoding="UTF-8"?>
<!-- Generated by org.testng.reporters.JUnitReportReporter -->
<testsuite hostname="Rico" failures="0" tests="1" name="PPProd.partaiperindodev" time="4.408" errors="0" timestamp="2023-07-26T10:58:13 WIB" skipped="0">
  <testcase classname="PPProd.partaiperindodev" name="success_login_admin_cms" time="4.408"/>
  <system-out/>
</testsuite> <!-- PPProd.partaiperindodev -->
