<?xml version="1.0" encoding="UTF-8"?>
<!-- Generated by org.testng.reporters.JUnitReportReporter -->
<testsuite hostname="Rico" failures="0" tests="1" name="PPProd.partaiperindo" time="4.168" errors="0" timestamp="2022-12-22T14:27:39 WIB" skipped="0">
  <testcase classname="PPProd.partaiperindo" name="getmember" time="4.168"/>
  <system-out/>
</testsuite> <!-- PPProd.partaiperindo -->
