<?xml version="1.0" encoding="UTF-8"?>
<!-- Generated by org.testng.reporters.JUnitReportReporter -->
<testsuite hostname="Rico" failures="0" tests="4" name="PPProd.partaiperindoUI" time="31.573" errors="0" timestamp="2022-05-24T17:25:31 WIB" skipped="0">
  <testcase classname="PPProd.partaiperindoUI" name="PetunjukArah" time="2.159"/>
  <system-out/>
  <testcase classname="PPProd.partaiperindoUI" name="kartiniPerindo" time="14.104"/>
  <system-out/>
  <testcase classname="PPProd.partaiperindoUI" name="pemudaPerindo" time="11.521"/>
  <system-out/>
  <testcase classname="PPProd.partaiperindoUI" name="login" time="3.789"/>
  <system-out/>
</testsuite> <!-- PPProd.partaiperindoUI -->
