<?xml version="1.0" encoding="UTF-8"?>
<!-- Generated by org.testng.reporters.JUnitReportReporter -->
<testsuite hostname="Rico" failures="0" tests="1" name="TestUICMS" time="8.767" errors="0" timestamp="2022-01-03T13:21:18 WIB" skipped="0">
  <testcase classname="TestUICMS" name="download_member_report_location" time="8.767"/>
  <system-out/>
</testsuite> <!-- TestUICMS -->
