<?xml version="1.0" encoding="UTF-8"?>
<!-- Generated by org.testng.reporters.JUnitReportReporter -->
<testsuite hostname="Rico" failures="0" tests="1" name="PPProd.partaiperindodev" time="1.755" errors="0" timestamp="2022-08-10T13:51:24 WIB" skipped="0">
  <testcase classname="PPProd.partaiperindodev" name="bannerMobileApps" time="1.755"/>
  <system-out/>
</testsuite> <!-- PPProd.partaiperindodev -->
