<?xml version="1.0" encoding="UTF-8"?>
<!-- Generated by org.testng.reporters.JUnitReportReporter -->
<testsuite hostname="Rico" failures="0" tests="1" name="PPProd.partaiperindo" time="2.453" errors="0" timestamp="2023-01-09T16:04:09 WIB" skipped="0">
  <testcase classname="PPProd.partaiperindo" name="success_login_nonadmin" time="2.453"/>
  <system-out/>
</testsuite> <!-- PPProd.partaiperindo -->
