<?xml version="1.0" encoding="UTF-8"?>
<!-- Generated by org.testng.reporters.JUnitReportReporter -->
<testsuite hostname="Rico" failures="0" tests="1" name="TestAPIDev.TestGet01" time="6.201" errors="0" timestamp="2022-03-09T10:18:41 WIB" skipped="0">
  <testcase classname="TestAPIDev.TestGet01" name="getmember" time="6.201"/>
  <system-out/>
</testsuite> <!-- TestAPIDev.TestGet01 -->
