<?xml version="1.0" encoding="UTF-8"?>
<!-- Generated by org.testng.reporters.JUnitReportReporter -->
<testsuite hostname="Rico" failures="0" tests="1" name="TsuitesPP.TestUICMS" time="16.165" errors="0" timestamp="2022-01-03T17:24:14 WIB" skipped="0">
  <testcase classname="TsuitesPP.TestUICMS" name="download_member_report_location" time="16.165"/>
  <system-out/>
</testsuite> <!-- TsuitesPP.TestUICMS -->
