<?xml version="1.0" encoding="UTF-8"?>
<!-- Generated by org.testng.reporters.JUnitReportReporter -->
<testsuite hostname="Rico" failures="0" tests="1" name="PPProd.partaiperindoUI" time="1.011" errors="0" timestamp="2023-11-02T16:23:45 WIB" skipped="0">
  <testcase classname="PPProd.partaiperindoUI" name="PetunjukArah" time="1.011"/>
  <system-out/>
</testsuite> <!-- PPProd.partaiperindoUI -->
