<?xml version="1.0" encoding="UTF-8"?>
<!-- Generated by org.testng.reporters.JUnitReportReporter -->
<testsuite hostname="Rico" failures="0" tests="1" name="PPProd.partaiperindodev" time="1.848" errors="0" timestamp="2023-05-30T06:57:13 WIB" skipped="0">
  <testcase classname="PPProd.partaiperindodev" name="success_login_admin_cms" time="1.848"/>
  <system-out/>
</testsuite> <!-- PPProd.partaiperindodev -->
