<?xml version="1.0" encoding="UTF-8"?>
<!-- Generated by org.testng.reporters.JUnitReportReporter -->
<testsuite hostname="Rico" failures="0" tests="4" name="TsuitesPP.RegressionPP" time="34.683" errors="0" timestamp="2022-01-17T15:22:23 WIB" skipped="0">
  <testcase classname="TsuitesPP.RegressionPP" name="login" time="4.466"/>
  <system-out/>
  <testcase classname="TsuitesPP.RegressionPP" name="searchAgenda" time="11.672"/>
  <system-out/>
  <testcase classname="TsuitesPP.RegressionPP" name="searchAksi" time="13.355"/>
  <system-out/>
  <testcase classname="TsuitesPP.RegressionPP" name="register" time="5.190"/>
  <system-out/>
</testsuite> <!-- TsuitesPP.RegressionPP -->
