<?xml version="1.0" encoding="UTF-8"?>
<!-- Generated by org.testng.reporters.JUnitReportReporter -->
<testsuite hostname="Rico" failures="0" tests="1" name="elementSaucedemo.loginPage" time="9.232" errors="0" timestamp="2023-10-14T10:16:01 WIB" skipped="0">
  <testcase classname="elementSaucedemo.loginPage" name="login" time="9.232"/>
  <system-out/>
</testsuite> <!-- elementSaucedemo.loginPage -->
