<?xml version="1.0" encoding="UTF-8"?>
<!-- Generated by org.testng.reporters.JUnitReportReporter -->
<testsuite hostname="Rico" failures="0" tests="1" name="PPProd.partaiperindo" time="1.851" errors="0" timestamp="2022-08-05T01:21:35 WIB" skipped="0">
  <testcase classname="PPProd.partaiperindo" name="success_login_nonadmin" time="1.851"/>
  <system-out/>
</testsuite> <!-- PPProd.partaiperindo -->
