<?xml version="1.0" encoding="UTF-8"?>
<!-- Generated by org.testng.reporters.JUnitReportReporter -->
<testsuite hostname="Rico" failures="0" tests="1" name="TestNGDemo" time="26.624" errors="0" timestamp="2021-12-28T18:19:27 WIB" skipped="0">
  <testcase classname="TestNGDemo" name="login" time="26.624"/>
  <system-out/>
</testsuite> <!-- TestNGDemo -->
