<?xml version="1.0" encoding="UTF-8"?>
<!-- Generated by org.testng.reporters.JUnitReportReporter -->
<testsuite hostname="Rico" failures="0" tests="1" name="PPProd.partaiperindodev" time="2.054" errors="0" timestamp="2023-06-12T11:07:59 WIB" skipped="0">
  <testcase classname="PPProd.partaiperindodev" name="success_login_admin_cms" time="2.054"/>
  <system-out/>
</testsuite> <!-- PPProd.partaiperindodev -->
