<?xml version="1.0" encoding="UTF-8"?>
<!-- Generated by org.testng.reporters.JUnitReportReporter -->
<testsuite hostname="Rico" failures="0" tests="1" name="PPProd.partaiperindo" time="3.886" errors="0" timestamp="2023-01-05T02:43:27 WIB" skipped="0">
  <testcase classname="PPProd.partaiperindo" name="getAksiDetail" time="3.886"/>
  <system-out/>
</testsuite> <!-- PPProd.partaiperindo -->
