<?xml version="1.0" encoding="UTF-8"?>
<!-- Generated by org.testng.reporters.JUnitReportReporter -->
<testsuite hostname="Rico" failures="0" tests="1" name="PPProd.partaiperindodev" time="3.882" errors="0" timestamp="2023-06-20T17:30:20 WIB" skipped="0">
  <testcase classname="PPProd.partaiperindodev" name="success_login_admin_cms" time="3.882"/>
  <system-out/>
</testsuite> <!-- PPProd.partaiperindodev -->
