<?xml version="1.0" encoding="UTF-8"?>
<!-- Generated by org.testng.reporters.JUnitReportReporter -->
<testsuite hostname="Rico" failures="0" tests="1" name="PPProd.partaiperindodev" time="4.858" errors="0" timestamp="2023-05-30T17:47:07 WIB" skipped="0">
  <testcase classname="PPProd.partaiperindodev" name="success_login_nonadmin" time="4.858"/>
  <system-out/>
</testsuite> <!-- PPProd.partaiperindodev -->
