<?xml version="1.0" encoding="UTF-8"?>
<!-- Generated by org.testng.reporters.JUnitReportReporter -->
<testsuite hostname="Rico" failures="0" tests="1" name="PPProd.partaiperindo" time="3.341" errors="0" timestamp="2022-08-09T20:38:17 WIB" skipped="0">
  <testcase classname="PPProd.partaiperindo" name="getListAgendaDetail" time="3.341"/>
  <system-out/>
</testsuite> <!-- PPProd.partaiperindo -->
