<?xml version="1.0" encoding="UTF-8"?>
<!-- Generated by org.testng.reporters.JUnitReportReporter -->
<testsuite hostname="Rico" failures="0" tests="1" name="PPProd.partaiperindodev" time="4.447" errors="0" timestamp="2023-05-25T11:04:30 WIB" skipped="0">
  <testcase classname="PPProd.partaiperindodev" name="success_login_saksi" time="4.447"/>
  <system-out/>
</testsuite> <!-- PPProd.partaiperindodev -->
