<?xml version="1.0" encoding="UTF-8"?>
<!-- Generated by org.testng.reporters.JUnitReportReporter -->
<testsuite hostname="Rico" failures="0" tests="1" name="PPProd.partaiperindodev" time="5.657" errors="0" timestamp="2023-06-07T19:58:12 WIB" skipped="0">
  <testcase classname="PPProd.partaiperindodev" name="getmember" time="5.657"/>
  <system-out/>
</testsuite> <!-- PPProd.partaiperindodev -->
