<?xml version="1.0" encoding="UTF-8"?>
<!-- Generated by org.testng.reporters.JUnitReportReporter -->
<testsuite hostname="Rico" failures="0" tests="1" name="PPProd.partaiperindoUIdev" time="10.418" errors="0" timestamp="2022-08-10T16:36:02 WIB" skipped="0">
  <testcase classname="PPProd.partaiperindoUIdev" name="pemudaPerindo" time="10.418"/>
  <system-out/>
</testsuite> <!-- PPProd.partaiperindoUIdev -->
