<?xml version="1.0" encoding="UTF-8"?>
<!-- Generated by org.testng.reporters.JUnitReportReporter -->
<testsuite hostname="Rico" failures="0" tests="15" name="PPProd.partaiperindo" time="37.482" errors="0" timestamp="2022-07-19T17:24:51 WIB" skipped="0">
  <testcase classname="PPProd.partaiperindo" name="success_login_nonadmin" time="2.015"/>
  <system-out/>
  <testcase classname="PPProd.partaiperindo" name="failed_login_invalidpassword" time="0.213"/>
  <system-out/>
  <testcase classname="PPProd.partaiperindo" name="failed_login_invalidphonenumberformat" time="1.139"/>
  <system-out/>
  <testcase classname="PPProd.partaiperindo" name="forgotpassword" time="5.296"/>
  <system-out/>
  <testcase classname="PPProd.partaiperindo" name="register" time="25.391"/>
  <system-out/>
  <testcase classname="PPProd.partaiperindo" name="search" time="0.178"/>
  <system-out/>
  <testcase classname="PPProd.partaiperindo" name="getAllAksi" time="0.149"/>
  <system-out/>
  <testcase classname="PPProd.partaiperindo" name="getAksiDetail" time="0.169"/>
  <system-out/>
  <testcase classname="PPProd.partaiperindo" name="failed_getAksiNotFound" time="0.140"/>
  <system-out/>
  <testcase classname="PPProd.partaiperindo" name="getListAgenda" time="0.204"/>
  <system-out/>
  <testcase classname="PPProd.partaiperindo" name="getListAgendaDetail" time="0.137"/>
  <system-out/>
  <testcase classname="PPProd.partaiperindo" name="failed_getListAgendaDetail" time="0.150"/>
  <system-out/>
  <testcase classname="PPProd.partaiperindo" name="getmember" time="1.955"/>
  <system-out/>
  <testcase classname="PPProd.partaiperindo" name="listaspirasi" time="0.144"/>
  <system-out/>
  <testcase classname="PPProd.partaiperindo" name="listgallery" time="0.202"/>
  <system-out/>
</testsuite> <!-- PPProd.partaiperindo -->
